TN:
SF:app.js
FNF:0
FNH:0
DA:1,7
DA:2,7
DA:5,7
DA:6,7
DA:7,7
DA:9,7
DA:10,7
DA:11,7
DA:13,7
DA:14,7
DA:15,7
DA:17,7
DA:18,7
DA:24,7
LF:14
LH:14
BRDA:1,0,0,7
BRDA:1,0,1,0
BRDA:9,1,0,7
BRDA:9,1,1,7
BRF:4
BRH:3
end_of_record
TN:
SF:controllers\categoryController.js
FN:4,(anonymous_0)
FNF:1
FNH:1
FNDA:1,(anonymous_0)
DA:1,7
DA:5,1
DA:6,1
DA:8,1
DA:13,0
DA:36,7
LF:6
LH:5
BRF:0
BRH:0
end_of_record
TN:
SF:controllers\chapterController.js
FN:4,(anonymous_0)
FNF:1
FNH:1
FNDA:2,(anonymous_0)
DA:1,7
DA:5,2
DA:6,2
DA:8,2
DA:10,2
DA:11,1
DA:14,1
DA:19,1
DA:24,7
LF:9
LH:9
BRDA:10,0,0,1
BRDA:10,0,1,1
BRF:2
BRH:2
end_of_record
TN:
SF:controllers\courseController.js
FN:5,(anonymous_0)
FN:50,(anonymous_1)
FNF:2
FNH:2
FNDA:1,(anonymous_0)
FNDA:2,(anonymous_1)
DA:1,7
DA:2,7
DA:6,1
DA:7,1
DA:9,1
DA:10,1
DA:12,1
DA:18,1
DA:19,0
DA:22,1
DA:23,0
DA:26,1
DA:27,0
DA:30,1
DA:31,1
DA:38,1
DA:46,0
DA:51,2
DA:52,2
DA:53,2
DA:60,2
DA:61,1
DA:64,1
DA:69,1
DA:74,7
LF:25
LH:21
BRDA:18,0,0,0
BRDA:18,0,1,1
BRDA:22,1,0,0
BRDA:22,1,1,1
BRDA:26,2,0,0
BRDA:26,2,1,1
BRDA:40,3,0,1
BRDA:40,3,1,1
BRDA:60,4,0,1
BRDA:60,4,1,1
BRF:10
BRH:7
end_of_record
TN:
SF:controllers\enrollmentController.js
FN:6,(anonymous_0)
FN:46,(anonymous_1)
FN:88,(anonymous_2)
FN:139,(anonymous_3)
FNF:4
FNH:4
FNDA:1,(anonymous_0)
FNDA:2,(anonymous_1)
FNDA:3,(anonymous_2)
FNDA:2,(anonymous_3)
DA:1,7
DA:2,7
DA:3,7
DA:7,1
DA:8,1
DA:11,1
DA:12,1
DA:18,1
DA:19,0
DA:21,1
DA:22,1
DA:36,1
DA:42,0
DA:47,2
DA:48,2
DA:49,2
DA:58,2
DA:73,2
DA:74,1
DA:79,1
DA:84,1
DA:89,3
DA:90,3
DA:91,3
DA:93,3
DA:98,3
DA:99,1
DA:101,2
DA:110,2
DA:111,1
DA:114,1
DA:123,1
DA:129,1
DA:135,2
DA:140,2
DA:141,2
DA:142,2
DA:143,2
DA:144,2
DA:151,2
DA:152,1
DA:155,1
DA:167,1
DA:173,1
DA:178,7
LF:45
LH:43
BRDA:18,0,0,0
BRDA:18,0,1,1
BRDA:73,1,0,1
BRDA:73,1,1,1
BRDA:98,2,0,1
BRDA:98,2,1,2
BRDA:98,3,0,3
BRDA:98,3,1,3
BRDA:110,4,0,1
BRDA:110,4,1,1
BRDA:151,5,0,1
BRDA:151,5,1,1
BRF:12
BRH:11
end_of_record
TN:
SF:controllers\feedbackController.js
FN:4,(anonymous_0)
FNF:1
FNH:0
FNDA:0,(anonymous_0)
DA:1,7
DA:5,0
DA:6,0
DA:7,0
DA:8,0
DA:9,0
DA:16,0
DA:22,0
DA:24,0
DA:25,0
DA:30,0
DA:31,0
DA:33,0
DA:34,0
DA:54,0
DA:57,0
DA:59,0
DA:61,0
DA:65,0
DA:78,0
DA:91,0
DA:97,0
DA:99,0
DA:102,0
DA:113,0
DA:124,0
DA:131,0
DA:137,0
DA:138,0
DA:143,7
LF:30
LH:2
BRDA:54,0,0,0
BRDA:54,0,1,0
BRF:2
BRH:0
end_of_record
TN:
SF:controllers\loginController.js
FN:6,(anonymous_0)
FNF:1
FNH:1
FNDA:12,(anonymous_0)
DA:1,7
DA:2,7
DA:3,7
DA:7,12
DA:9,12
DA:10,12
DA:16,12
DA:17,0
DA:20,12
DA:21,0
DA:24,12
DA:33,12
DA:35,12
DA:48,0
DA:53,7
LF:15
LH:12
BRDA:16,0,0,0
BRDA:16,0,1,12
BRDA:20,1,0,0
BRDA:20,1,1,12
BRF:4
BRH:2
end_of_record
TN:
SF:controllers\registerController.js
FN:4,(anonymous_0)
FNF:1
FNH:1
FNDA:6,(anonymous_0)
DA:1,7
DA:5,6
DA:6,6
DA:7,6
DA:14,1
DA:19,1
DA:24,5
DA:25,5
DA:30,7
LF:9
LH:9
BRF:0
BRH:0
end_of_record
TN:
SF:controllers\transactionController.js
FN:6,(anonymous_0)
FN:46,(anonymous_1)
FNF:2
FNH:2
FNDA:1,(anonymous_0)
FNDA:1,(anonymous_1)
DA:1,7
DA:2,7
DA:3,7
DA:8,1
DA:9,1
DA:10,1
DA:14,1
DA:25,1
DA:34,1
DA:36,1
DA:42,0
DA:47,1
DA:48,1
DA:49,1
DA:53,1
DA:58,1
DA:71,1
DA:73,1
DA:78,0
DA:83,7
LF:20
LH:18
BRF:0
BRH:0
end_of_record
TN:
SF:helpers\bcrypt.js
FN:3,(anonymous_0)
FN:5,(anonymous_1)
FNF:2
FNH:2
FNDA:10,(anonymous_0)
FNDA:12,(anonymous_1)
DA:1,7
DA:3,10
DA:5,7
DA:6,12
DA:8,7
LF:5
LH:5
BRF:0
BRH:0
end_of_record
TN:
SF:helpers\jwt.js
FN:5,(anonymous_0)
FN:9,(anonymous_1)
FNF:2
FNH:2
FNDA:13,(anonymous_0)
FNDA:14,(anonymous_1)
DA:1,7
DA:3,7
DA:5,7
DA:6,13
DA:9,7
DA:10,14
DA:13,7
LF:7
LH:7
BRF:0
BRH:0
end_of_record
TN:
SF:middleware\authentication.js
FN:4,(anonymous_0)
FNF:1
FNH:1
FNDA:15,(anonymous_0)
DA:1,7
DA:2,7
DA:4,7
DA:5,15
DA:6,15
DA:7,15
DA:8,1
DA:11,14
DA:20,14
DA:23,14
DA:29,14
DA:30,2
DA:33,12
DA:42,12
DA:45,3
DA:49,7
LF:16
LH:16
BRDA:7,0,0,1
BRDA:7,0,1,14
BRDA:29,1,0,2
BRDA:29,1,1,12
BRF:4
BRH:4
end_of_record
TN:
SF:middleware\errorHandle.js
FN:1,(anonymous_0)
FNF:1
FNH:1
FNDA:14,(anonymous_0)
DA:1,7
DA:2,14
DA:3,14
DA:5,14
DA:9,5
DA:10,5
DA:13,14
DA:14,2
DA:17,14
DA:18,1
DA:21,14
DA:22,2
DA:23,2
DA:26,14
DA:27,4
DA:30,14
DA:36,7
LF:17
LH:17
BRDA:5,0,0,5
BRDA:5,0,1,9
BRDA:6,1,0,14
BRDA:6,1,1,10
BRDA:13,2,0,2
BRDA:13,2,1,12
BRDA:13,3,0,14
BRDA:13,3,1,12
BRDA:17,4,0,1
BRDA:17,4,1,13
BRDA:21,5,0,2
BRDA:21,5,1,12
BRDA:26,6,0,4
BRDA:26,6,1,10
BRF:14
BRH:14
end_of_record
TN:
SF:models\category.js
FN:3,(anonymous_0)
FN:10,(anonymous_1)
FNF:2
FNH:2
FNDA:7,(anonymous_0)
FNDA:7,(anonymous_1)
DA:2,7
DA:3,7
DA:12,7
DA:15,7
DA:24,7
LF:5
LH:5
BRF:0
BRH:0
end_of_record
TN:
SF:models\chapter.js
FN:3,(anonymous_0)
FN:10,(anonymous_1)
FNF:2
FNH:2
FNDA:7,(anonymous_0)
FNDA:7,(anonymous_1)
DA:2,7
DA:3,7
DA:12,7
DA:13,7
DA:16,7
DA:29,7
LF:6
LH:6
BRF:0
BRH:0
end_of_record
TN:
SF:models\course.js
FN:3,(anonymous_0)
FN:10,(anonymous_1)
FNF:2
FNH:2
FNDA:7,(anonymous_0)
FNDA:7,(anonymous_1)
DA:2,7
DA:3,7
DA:12,7
DA:13,7
DA:14,7
DA:15,7
DA:18,7
DA:31,7
LF:8
LH:8
BRF:0
BRH:0
end_of_record
TN:
SF:models\enrollment.js
FN:3,(anonymous_0)
FN:10,(anonymous_1)
FNF:2
FNH:2
FNDA:7,(anonymous_0)
FNDA:7,(anonymous_1)
DA:2,7
DA:3,7
DA:12,7
DA:13,7
DA:14,7
DA:17,7
DA:29,7
LF:7
LH:7
BRF:0
BRH:0
end_of_record
TN:
SF:models\feedback.js
FN:3,(anonymous_0)
FN:10,(anonymous_1)
FNF:2
FNH:2
FNDA:7,(anonymous_0)
FNDA:7,(anonymous_1)
DA:2,7
DA:3,7
DA:12,7
DA:13,7
DA:16,7
DA:40,7
LF:6
LH:6
BRF:0
BRH:0
end_of_record
TN:
SF:models\index.js
FN:21,(anonymous_0)
FN:29,(anonymous_1)
FN:34,(anonymous_2)
FNF:3
FNH:3
FNDA:49,(anonymous_0)
FNDA:42,(anonymous_1)
FNDA:42,(anonymous_2)
DA:3,7
DA:4,7
DA:5,7
DA:6,7
DA:7,7
DA:8,7
DA:9,7
DA:10,7
DA:13,7
DA:14,0
DA:16,7
DA:19,7
DA:22,49
DA:30,42
DA:31,42
DA:34,7
DA:35,42
DA:36,42
DA:40,7
DA:41,7
DA:43,7
LF:21
LH:20
BRDA:8,0,0,7
BRDA:8,0,1,0
BRDA:13,1,0,0
BRDA:13,1,1,7
BRDA:23,2,0,49
BRDA:23,2,1,49
BRDA:23,2,2,42
BRDA:23,2,3,42
BRDA:35,3,0,42
BRDA:35,3,1,0
BRF:10
BRH:7
end_of_record
TN:
SF:models\user.js
FN:4,(anonymous_0)
FN:11,(anonymous_1)
FN:68,(anonymous_2)
FNF:3
FNH:3
FNDA:7,(anonymous_0)
FNDA:7,(anonymous_1)
FNDA:4,(anonymous_2)
DA:2,7
DA:3,7
DA:4,7
DA:13,7
DA:14,7
DA:17,7
DA:68,7
DA:69,4
DA:72,7
LF:9
LH:9
BRF:0
BRH:0
end_of_record
TN:
SF:routes\categoriesRoute.js
FNF:0
FNH:0
DA:1,7
DA:2,7
DA:4,7
DA:7,7
LF:4
LH:4
BRF:0
BRH:0
end_of_record
TN:
SF:routes\chapterRoute.js
FNF:0
FNH:0
DA:1,7
DA:2,7
DA:3,7
DA:5,7
DA:7,7
LF:5
LH:5
BRF:0
BRH:0
end_of_record
TN:
SF:routes\courseRoute.js
FNF:0
FNH:0
DA:1,7
DA:2,7
DA:4,7
DA:5,7
DA:7,7
LF:5
LH:5
BRF:0
BRH:0
end_of_record
TN:
SF:routes\enrollmentsRoute.js
FNF:0
FNH:0
DA:1,7
DA:2,7
DA:3,7
DA:5,7
DA:6,7
DA:7,7
DA:12,7
DA:18,7
LF:8
LH:8
BRF:0
BRH:0
end_of_record
TN:
SF:routes\feedbackRoute.js
FNF:0
FNH:0
DA:1,7
DA:2,7
DA:3,7
DA:5,7
DA:7,7
LF:5
LH:5
BRF:0
BRH:0
end_of_record
TN:
SF:routes\index.js
FNF:0
FNH:0
DA:1,7
DA:2,7
DA:3,7
DA:4,7
DA:5,7
DA:6,7
DA:7,7
DA:8,7
DA:9,7
DA:11,7
DA:12,7
DA:14,7
DA:15,7
DA:16,7
DA:17,7
DA:18,7
DA:19,7
DA:21,7
LF:18
LH:18
BRF:0
BRH:0
end_of_record
TN:
SF:routes\transactionRoute.js
FNF:0
FNH:0
DA:1,7
DA:2,7
DA:3,7
DA:5,7
DA:6,7
DA:8,7
LF:6
LH:6
BRF:0
BRH:0
end_of_record
